\BOOKMARK [0][-]{section*.1}{\376\377\000D\000e\000c\000l\000a\000r\000a\000t\000i\000o\000n\000\040\000o\000f\000\040\000A\000u\000t\000h\000o\000r\000s\000h\000i\000p}{}% 1
\BOOKMARK [0][-]{section*.2}{\376\377\000A\000c\000k\000n\000o\000w\000l\000e\000d\000g\000e\000m\000e\000n\000t\000s}{}% 2
\BOOKMARK [0][-]{chapter*.6}{\376\377\000I\000n\000t\000r\000o\000d\000u\000c\000t\000i\000o\000n}{}% 3
\BOOKMARK [0][-]{chapter.7}{\376\377\000T\000h\000e\000o\000r\000e\000t\000i\000c\000a\000l\000\040\000b\000a\000c\000k\000g\000r\000o\000u\000n\000d}{}% 4
\BOOKMARK [1][-]{section.8}{\376\377\000S\000c\000a\000l\000a\000r\000\040\000D\000i\000f\000f\000r\000a\000c\000t\000i\000o\000n\000\040\000T\000h\000e\000o\000r\000y}{chapter.7}% 5
\BOOKMARK [2][-]{subsection.9}{\376\377\000S\000c\000a\000l\000a\000r\000\040\000F\000i\000e\000l\000d\000\040\000a\000n\000d\000\040\000H\000e\000l\000m\000h\000o\000l\000t\000z\000\040\000e\000q\000u\000a\000t\000i\000o\000n}{section.8}% 6
\BOOKMARK [2][-]{subsection.14}{\376\377\000R\000a\000y\000l\000e\000i\000g\000h\000-\000S\000o\000m\000m\000e\000r\000f\000e\000l\000d\000\040\000i\000n\000t\000e\000g\000r\000a\000l}{section.8}% 7
\BOOKMARK [2][-]{subsection.19}{\376\377\000F\000r\000e\000s\000n\000e\000l\000\040\000a\000p\000p\000r\000o\000x\000i\000m\000a\000t\000i\000o\000n}{section.8}% 8
\BOOKMARK [2][-]{subsection.23}{\376\377\000F\000r\000a\000u\000n\000h\000o\000f\000e\000r\000\040\000a\000p\000p\000r\000o\000x\000i\000m\000a\000t\000i\000o\000n}{section.8}% 9
\BOOKMARK [2][-]{subsection.26}{\376\377\000C\000o\000n\000v\000e\000r\000g\000i\000n\000g\000\040\000l\000e\000n\000s\000\040\000i\000n\000t\000r\000o\000d\000u\000c\000t\000i\000o\000n}{section.8}% 10
\BOOKMARK [1][-]{section.30}{\376\377\000I\000m\000a\000g\000i\000n\000g\000\040\000s\000y\000s\000t\000e\000m\000\040\000a\000n\000d\000\040\000i\000t\000s\000\040\000p\000r\000o\000p\000e\000r\000t\000i\000e\000s}{chapter.7}% 11
\BOOKMARK [2][-]{subsection.32}{\376\377\000P\000o\000i\000n\000t\000\040\000S\000p\000r\000e\000a\000d\000\040\000F\000u\000n\000c\000t\000i\000o\000n\000\040\000\050\000P\000S\000F\000\051\000\040\000o\000r\000\040\000I\000m\000p\000u\000l\000s\000e\000\040\000R\000e\000s\000p\000o\000n\000s\000e\000\040\000\050\000I\000R\000\051}{section.30}% 12
\BOOKMARK [2][-]{subsection.34}{\376\377\000O\000p\000t\000i\000c\000a\000l\000\040\000T\000r\000a\000n\000s\000f\000e\000r\000\040\000F\000u\000n\000c\000t\000i\000o\000n\000\040\000\050\000O\000T\000F\000\051}{section.30}% 13
\BOOKMARK [0][-]{chapter.35}{\376\377\000P\000h\000a\000s\000e\000\040\000D\000i\000v\000e\000r\000s\000i\000t\000y\000\040\000E\000x\000p\000e\000r\000i\000m\000e\000n\000t}{}% 14
\BOOKMARK [1][-]{section.36}{\376\377\000O\000N\000E\000R\000A\000\040\000a\000l\000g\000o\000r\000i\000t\000h\000m}{chapter.35}% 15
\BOOKMARK [1][-]{section.37}{\376\377\000E\000x\000p\000e\000r\000i\000m\000e\000n\000t\000a\000l\000\040\000S\000e\000t\000u\000p}{chapter.35}% 16
\BOOKMARK [2][-]{subsection.40}{\376\377\000L\000i\000g\000h\000t\000\040\000s\000o\000u\000r\000c\000e}{section.37}% 17
\BOOKMARK [2][-]{subsection.43}{\376\377\000E\000n\000t\000r\000a\000n\000c\000e\000\040\000p\000u\000p\000i\000l}{section.37}% 18
\BOOKMARK [2][-]{subsection.44}{\376\377\000P\000u\000p\000i\000l\000\040\000i\000m\000a\000g\000i\000n\000g\000\040\000s\000y\000s\000t\000e\000m}{section.37}% 19
\BOOKMARK [2][-]{subsection.45}{\376\377\000D\000e\000t\000e\000c\000t\000o\000r\000s}{section.37}% 20
\BOOKMARK [1][-]{section.46}{\376\377\000D\000a\000t\000a\000\040\000A\000c\000q\000u\000i\000s\000i\000t\000i\000o\000n}{chapter.35}% 21
\BOOKMARK [2][-]{subsection.47}{\376\377\000X\000i\000m\000e\000a\000\040\000C\000a\000m\000e\000r\000a}{section.46}% 22
\BOOKMARK [2][-]{subsection.52}{\376\377\000S\000h\000a\000c\000k\000-\000H\000a\000r\000t\000m\000a\000n\000\040\000W\000F\000S}{section.46}% 23
\BOOKMARK [1][-]{section.53}{\376\377\000R\000e\000s\000u\000l\000t\000s}{chapter.35}% 24
\BOOKMARK [2][-]{subsection.54}{\376\377\000P\000a\000r\000a\000l\000l\000e\000l\000\040\000p\000l\000a\000n\000e\000\040\000p\000l\000a\000t\000e}{section.53}% 25
\BOOKMARK [0][-]{appendix.55}{\376\377\000O\000p\000t\000i\000c\000a\000l\000\040\000C\000o\000m\000p\000o\000n\000e\000n\000t\000\040\000D\000a\000t\000a\000s\000h\000e\000e\000t\000s}{}% 26
\BOOKMARK [1][-]{section.56}{\376\377\000P\000i\000g\000t\000a\000i\000l\000e\000d\000\040\000l\000a\000s\000e\000r\000\040\000d\000i\000o\000d\000e}{appendix.55}% 27
\BOOKMARK [2][-]{subsection.57}{\376\377\000P\000o\000w\000e\000r\000\040\000s\000u\000p\000p\000l\000y\000\040\000m\000o\000d\000i\000f\000i\000c\000a\000t\000i\000o\000n}{section.56}% 28
\BOOKMARK [1][-]{section.58}{\376\377\000C\000o\000n\000v\000e\000r\000g\000i\000n\000g\000\040\000l\000e\000n\000s\000\040\000A\0002\0002\0000\000T\000M\000-\000A\000,\000\040\000f\000\040\000=\000\040\0001\0001\000\040\000m\000m}{appendix.55}% 29
\BOOKMARK [1][-]{section.59}{\376\377\000P\000i\000n\000h\000o\000l\000e\000\040\0001\0000\000\040\000m}{appendix.55}% 30
\BOOKMARK [1][-]{section.60}{\376\377\000C\000o\000n\000v\000e\000r\000g\000i\000n\000g\000\040\000l\000e\000n\000s\000\040\000A\000L\0001\0000\0000\0002\0000\0000\000,\000\040\000f\000\040\000=\000\040\0002\0000\0000\000\040\000m\000m}{appendix.55}% 31
\BOOKMARK [1][-]{section.61}{\376\377\000C\000o\000n\000v\000e\000r\000g\000i\000n\000g\000\040\000l\000e\000n\000s\000\040\000A\000C\0002\0005\0004\000-\0001\0000\0000\000-\000A\000,\000\040\000f\000\040\000=\000\040\0001\0000\0000\000\040\000m\000m}{appendix.55}% 32
\BOOKMARK [1][-]{section.62}{\376\377\000X\000i\000m\000e\000a\000\040\000C\000a\000m\000e\000r\000a\000,\000\040\000M\000Q\0000\0001\0003\000M\000G\000-\000E\0002}{appendix.55}% 33
\BOOKMARK [1][-]{section.63}{\376\377\000S\000h\000a\000c\000k\000-\000H\000a\000r\000t\000m\000a\000n\000n\000\040\000w\000a\000v\000e\000f\000r\000o\000n\000t\000\040\000s\000e\000n\000s\000o\000r\000,\000\040\000W\000F\000S\0001\0005\0000\000-\0005\000C}{appendix.55}% 34
\BOOKMARK [0][-]{appendix.64}{\376\377\000P\000y\000t\000h\000o\000n\000\040\000C\000o\000d\000e}{}% 35
\BOOKMARK [1][-]{section.65}{\376\377\000A\000l\000i\000g\000n\000e\000m\000e\000n\000t\000S\000c\000r\000i\000p\000t\000X\000i\000m\000e\000a\000C\000a\000m\000e\000r\000a\000.\000p\000y}{appendix.64}% 36
\BOOKMARK [1][-]{section.231}{\376\377\000A\000c\000q\000u\000i\000s\000A\000n\000d\000S\000a\000v\000e\000X\000i\000m\000e\000a\000.\000p\000y}{appendix.64}% 37
\BOOKMARK [0][-]{appendix*.364}{\376\377\000B\000i\000b\000l\000i\000o\000g\000r\000a\000p\000h\000y}{}% 38
